app/build/intermediates/manifest_merge_blame_file/debug/manifest-merger-blame-debug-report.txt
1<?xml version="1.0" encoding="utf-8"?>
2<manifest xmlns:android="http://schemas.android.com/apk/res/android"
3    package="chris.example.assistech3"
4    android:versionCode="1"
5    android:versionName="1.0" >
6
7    <uses-sdk
8        android:minSdkVersion="26"
8-->src\main\AndroidManifest.xml
9        android:targetSdkVersion="29" />
9-->src\main\AndroidManifest.xml
10
11    <uses-permission android:name="android.permission.ACCESS_FINE_LOCATION" />
11-->src\main\AndroidManifest.xml:26:5-79
11-->src\main\AndroidManifest.xml:26:22-76
12    <uses-permission android:name="android.permission.ACCESS_COARSE_LOCATION" />
12-->src\main\AndroidManifest.xml:27:5-81
12-->src\main\AndroidManifest.xml:27:22-78
13    <uses-permission android:name="android.permission.BLUETOOTH" />
13-->src\main\AndroidManifest.xml:28:5-68
13-->src\main\AndroidManifest.xml:28:22-65
14    <uses-permission android:name="android.permission.BLUETOOTH_ADMIN" />
14-->src\main\AndroidManifest.xml:30:5-74
14-->src\main\AndroidManifest.xml:30:22-71
15
16    <uses-permission-sdk-23 android:name="android.permission.ACCESS_COARSE_LOCATION" />
16-->src\main\AndroidManifest.xml:31:5-88
16-->src\main\AndroidManifest.xml:31:29-85
17    <uses-permission-sdk-23 android:name="android.permission.ACCESS_FINE_LOCATION" />
17-->src\main\AndroidManifest.xml:33:5-86
17-->src\main\AndroidManifest.xml:33:29-83
18
19    <application
19-->src\main\AndroidManifest.xml:5:5-25:19
20        android:allowBackup="true"
20-->src\main\AndroidManifest.xml:6:9-35
21        android:appComponentFactory="androidx.core.app.CoreComponentFactory"
21-->[androidx.core:core:1.3.1] AndroidManifest.xml:24:18-86
22        android:debuggable="true"
23        android:extractNativeLibs="false"
24        android:icon="@mipmap/ic_launcher"
24-->src\main\AndroidManifest.xml:7:9-43
25        android:label="@string/app_name"
25-->src\main\AndroidManifest.xml:8:9-41
26        android:roundIcon="@mipmap/ic_launcher_round"
26-->src\main\AndroidManifest.xml:9:9-54
27        android:supportsRtl="true"
27-->src\main\AndroidManifest.xml:10:9-35
28        android:testOnly="true"
29        android:theme="@style/Theme.AssisTech3" >
29-->src\main\AndroidManifest.xml:11:9-48
30        <activity android:name="chris.example.assistech3.DeviceControlActivity" />
30-->src\main\AndroidManifest.xml:12:9-68
30-->src\main\AndroidManifest.xml:12:19-56
31        <activity android:name="chris.example.assistech3.MainActivity" >
31-->src\main\AndroidManifest.xml:13:9-19:20
31-->src\main\AndroidManifest.xml:13:19-47
32            <intent-filter>
32-->src\main\AndroidManifest.xml:14:13-18:29
33                <action android:name="android.intent.action.MAIN" />
33-->src\main\AndroidManifest.xml:15:17-69
33-->src\main\AndroidManifest.xml:15:25-66
34
35                <category android:name="android.intent.category.LAUNCHER" />
35-->src\main\AndroidManifest.xml:17:17-77
35-->src\main\AndroidManifest.xml:17:27-74
36            </intent-filter>
37        </activity>
38
39        <service
39-->src\main\AndroidManifest.xml:21:9-24:39
40            android:name="chris.example.assistech3.BluetoothLeService"
40-->src\main\AndroidManifest.xml:22:13-47
41            android:enabled="true"
41-->src\main\AndroidManifest.xml:23:13-35
42            android:exported="true" />
42-->src\main\AndroidManifest.xml:24:13-36
43    </application>
44
45</manifest>